Start testing: Aug 07 22:31 EDT
----------------------------------------------------------
1/7 Testing: dither
1/7 Test: dither
Command: "/home/wubu/distiller-c11/build/test_dither"
Directory: /home/wubu/distiller-c11/build
"dither" start time: Aug 07 22:31 EDT
Output:
----------------------------------------------------------
test_dither: ALL PASS
<end of output>
Test time =   0.00 sec
----------------------------------------------------------
Test Passed.
"dither" end time: Aug 07 22:31 EDT
"dither" time elapsed: 00:00:00
----------------------------------------------------------

2/7 Testing: pack
2/7 Test: pack
Command: "/home/wubu/distiller-c11/build/test_pack"
Directory: /home/wubu/distiller-c11/build
"pack" start time: Aug 07 22:31 EDT
Output:
----------------------------------------------------------
test_pack: ALL PASS
<end of output>
Test time =   0.00 sec
----------------------------------------------------------
Test Passed.
"pack" end time: Aug 07 22:31 EDT
"pack" time elapsed: 00:00:00
----------------------------------------------------------

3/7 Testing: image
3/7 Test: image
Command: "/home/wubu/distiller-c11/build/test_image"
Directory: /home/wubu/distiller-c11/build
"image" start time: Aug 07 22:31 EDT
Output:
----------------------------------------------------------
test_image: ALL PASS
<end of output>
Test time =   0.00 sec
----------------------------------------------------------
Test Passed.
"image" end time: Aug 07 22:31 EDT
"image" time elapsed: 00:00:00
----------------------------------------------------------

4/7 Testing: eink
4/7 Test: eink
Command: "/home/wubu/distiller-c11/build/test_eink"
Directory: /home/wubu/distiller-c11/build
"eink" start time: Aug 07 22:31 EDT
Output:
----------------------------------------------------------
test_eink: ALL PASS
<end of output>
Test time =   0.00 sec
----------------------------------------------------------
Test Passed.
"eink" end time: Aug 07 22:31 EDT
"eink" time elapsed: 00:00:00
----------------------------------------------------------

5/7 Testing: compose
5/7 Test: compose
Command: "/home/wubu/distiller-c11/build/test_compose"
Directory: /home/wubu/distiller-c11/build
"compose" start time: Aug 07 22:31 EDT
Output:
----------------------------------------------------------
test_compose: ALL PASS
<end of output>
Test time =   0.00 sec
----------------------------------------------------------
Test Passed.
"compose" end time: Aug 07 22:31 EDT
"compose" time elapsed: 00:00:00
----------------------------------------------------------

6/7 Testing: sam
6/7 Test: sam
Command: "/home/wubu/distiller-c11/build/test_sam"
Directory: /home/wubu/distiller-c11/build
"sam" start time: Aug 07 22:31 EDT
Output:
----------------------------------------------------------
test_sam: ALL PASS
<end of output>
Test time =   0.00 sec
----------------------------------------------------------
Test Passed.
"sam" end time: Aug 07 22:31 EDT
"sam" time elapsed: 00:00:00
----------------------------------------------------------

7/7 Testing: einkdrv
7/7 Test: einkdrv
Command: "/home/wubu/distiller-c11/build/test_einkdrv"
Directory: /home/wubu/distiller-c11/build
"einkdrv" start time: Aug 07 22:31 EDT
Output:
----------------------------------------------------------
test_einkdrv: ALL PASS
<end of output>
Test time =   0.00 sec
----------------------------------------------------------
Test Passed.
"einkdrv" end time: Aug 07 22:31 EDT
"einkdrv" time elapsed: 00:00:00
----------------------------------------------------------

End testing: Aug 07 22:31 EDT
