Start testing: Aug 07 22:38 EDT
----------------------------------------------------------
1/11 Testing: dither
1/11 Test: dither
Command: "/home/wubu/distiller-c11/build/test_dither"
Directory: /home/wubu/distiller-c11/build
"dither" start time: Aug 07 22:38 EDT
Output:
----------------------------------------------------------
test_dither: ALL PASS
<end of output>
Test time =   0.00 sec
----------------------------------------------------------
Test Passed.
"dither" end time: Aug 07 22:38 EDT
"dither" time elapsed: 00:00:00
----------------------------------------------------------

2/11 Testing: pack
2/11 Test: pack
Command: "/home/wubu/distiller-c11/build/test_pack"
Directory: /home/wubu/distiller-c11/build
"pack" start time: Aug 07 22:38 EDT
Output:
----------------------------------------------------------
test_pack: ALL PASS
<end of output>
Test time =   0.00 sec
----------------------------------------------------------
Test Passed.
"pack" end time: Aug 07 22:38 EDT
"pack" time elapsed: 00:00:00
----------------------------------------------------------

3/11 Testing: image
3/11 Test: image
Command: "/home/wubu/distiller-c11/build/test_image"
Directory: /home/wubu/distiller-c11/build
"image" start time: Aug 07 22:38 EDT
Output:
----------------------------------------------------------
test_image: ALL PASS
<end of output>
Test time =   0.00 sec
----------------------------------------------------------
Test Passed.
"image" end time: Aug 07 22:38 EDT
"image" time elapsed: 00:00:00
----------------------------------------------------------

4/11 Testing: eink
4/11 Test: eink
Command: "/home/wubu/distiller-c11/build/test_eink"
Directory: /home/wubu/distiller-c11/build
"eink" start time: Aug 07 22:38 EDT
Output:
----------------------------------------------------------
test_eink: ALL PASS
<end of output>
Test time =   0.00 sec
----------------------------------------------------------
Test Passed.
"eink" end time: Aug 07 22:38 EDT
"eink" time elapsed: 00:00:00
----------------------------------------------------------

5/11 Testing: compose
5/11 Test: compose
Command: "/home/wubu/distiller-c11/build/test_compose"
Directory: /home/wubu/distiller-c11/build
"compose" start time: Aug 07 22:38 EDT
Output:
----------------------------------------------------------
test_compose: ALL PASS
<end of output>
Test time =   0.00 sec
----------------------------------------------------------
Test Passed.
"compose" end time: Aug 07 22:38 EDT
"compose" time elapsed: 00:00:00
----------------------------------------------------------

6/11 Testing: sam
6/11 Test: sam
Command: "/home/wubu/distiller-c11/build/test_sam"
Directory: /home/wubu/distiller-c11/build
"sam" start time: Aug 07 22:38 EDT
Output:
----------------------------------------------------------
test_sam: ALL PASS
<end of output>
Test time =   0.00 sec
----------------------------------------------------------
Test Passed.
"sam" end time: Aug 07 22:38 EDT
"sam" time elapsed: 00:00:00
----------------------------------------------------------

7/11 Testing: einkdrv
7/11 Test: einkdrv
Command: "/home/wubu/distiller-c11/build/test_einkdrv"
Directory: /home/wubu/distiller-c11/build
"einkdrv" start time: Aug 07 22:38 EDT
Output:
----------------------------------------------------------
test_einkdrv: ALL PASS
<end of output>
Test time =   0.00 sec
----------------------------------------------------------
Test Passed.
"einkdrv" end time: Aug 07 22:38 EDT
"einkdrv" time elapsed: 00:00:00
----------------------------------------------------------

8/11 Testing: audio
8/11 Test: audio
Command: "/home/wubu/distiller-c11/build/test_audio"
Directory: /home/wubu/distiller-c11/build
"audio" start time: Aug 07 22:38 EDT
Output:
----------------------------------------------------------
note: WM8960 sysfs not present on this machine; control round-trip skipped
test_audio: ALL PASS
<end of output>
Test time =   0.00 sec
----------------------------------------------------------
Test Passed.
"audio" end time: Aug 07 22:38 EDT
"audio" time elapsed: 00:00:00
----------------------------------------------------------

9/11 Testing: registry
9/11 Test: registry
Command: "/home/wubu/distiller-c11/build/test_registry"
Directory: /home/wubu/distiller-c11/build
"registry" start time: Aug 07 22:38 EDT
Output:
----------------------------------------------------------
test_registry: ALL PASS
<end of output>
Test time =   0.00 sec
----------------------------------------------------------
Test Passed.
"registry" end time: Aug 07 22:38 EDT
"registry" time elapsed: 00:00:00
----------------------------------------------------------

10/11 Testing: ai
10/11 Test: ai
Command: "/home/wubu/distiller-c11/build/test_ai"
Directory: /home/wubu/distiller-c11/build
"ai" start time: Aug 07 22:38 EDT
Output:
----------------------------------------------------------
test_ai: ALL PASS
<end of output>
Test time =   0.00 sec
----------------------------------------------------------
Test Passed.
"ai" end time: Aug 07 22:38 EDT
"ai" time elapsed: 00:00:00
----------------------------------------------------------

11/11 Testing: gui
11/11 Test: gui
Command: "/home/wubu/distiller-c11/build/test_gui"
Directory: /home/wubu/distiller-c11/build
"gui" start time: Aug 07 22:38 EDT
Output:
----------------------------------------------------------
test_gui: ALL PASS
<end of output>
Test time =   0.00 sec
----------------------------------------------------------
Test Passed.
"gui" end time: Aug 07 22:38 EDT
"gui" time elapsed: 00:00:00
----------------------------------------------------------

End testing: Aug 07 22:38 EDT
